<?xml version="1.0"?>
<testsuites>
  <testsuite name="Chrome 30.0 (Windows)" package="undefined" timestamp="2013-11-06T16:19:08" id="0" hostname="RicardoMallols" tests="365" errors="1" failures="0" time="37.622">
    <properties>
      <property name="browser.fullName" value="Mozilla/5.0 (Windows NT 6.2; WOW64) AppleWebKit/537.36 (KHTML, like Gecko) Chrome/30.0.1599.101 Safari/537.36"/>
    </properties>
    <testcase name="should have the app generic style class" time="0.131" classname="Chrome 30.0 (Windows).app directive root element"/>
    <testcase name="should have the app specific style class" time="0.175" classname="Chrome 30.0 (Windows).app directive root element"/>
    <testcase name="should have the clearfix style class" time="0.116" classname="Chrome 30.0 (Windows).app directive root element"/>
    <testcase name="should not have any admin related class by default" time="0.111" classname="Chrome 30.0 (Windows).app directive root element"/>
    <testcase name="should have an admin related class if the user has the proper privileges" time="0.116" classname="Chrome 30.0 (Windows).app directive root element"/>
    <testcase name="should have the reference to the app header directive" time="0.088" classname="Chrome 30.0 (Windows).app directive header area"/>
    <testcase name="should have the clearfix style class in the reference to the app header directive" time="0.071" classname="Chrome 30.0 (Windows).app directive header area"/>
    <testcase name="should have the reference to the content area" time="0.123" classname="Chrome 30.0 (Windows).app directive content area"/>
    <testcase name="should have the clearfix style class in the reference to the content area" time="0.105" classname="Chrome 30.0 (Windows).app directive content area"/>
    <testcase name="should have a reference to the app bridge area" time="0.107" classname="Chrome 30.0 (Windows).app directive content area - app bridge"/>
    <testcase name="should specify the model attribute" time="0.092" classname="Chrome 30.0 (Windows).app directive content area - app bridge"/>
    <testcase name="should specify the internal data attribute" time="0.062" classname="Chrome 30.0 (Windows).app directive content area - app bridge"/>
    <testcase name="should specify the src attribute" time="0.152" classname="Chrome 30.0 (Windows).app directive content area - app bridge"/>
    <testcase name="should specify the view attribute" time="0.435" classname="Chrome 30.0 (Windows).app directive content area - app bridge"/>
    <testcase name="should specify the onEvent attribute" time="0.451" classname="Chrome 30.0 (Windows).app directive content area - app bridge"/>
    <testcase name="should have a reference to the title area in the reference to the content area" time="0.451" classname="Chrome 30.0 (Windows).app directive content area - title handling"/>
    <testcase name="should have a reference to the title type area in the reference to the content area" time="0.602" classname="Chrome 30.0 (Windows).app directive content area - title handling"/>
    <testcase name="should not show the title area by default" time="1.063" classname="Chrome 30.0 (Windows).app directive content area - title handling"/>
    <testcase name="should show the title area if it&apos;s the model says that" time="1.665" classname="Chrome 30.0 (Windows).app directive content area - title handling"/>
    <testcase name="should show the default app title if the app is not specifying a specific one" time="0.882" classname="Chrome 30.0 (Windows).app directive content area - title handling"/>
    <testcase name="should show the specific app title if the app overwrites it" time="0.347" classname="Chrome 30.0 (Windows).app directive content area - title handling"/>
    <testcase name="should have the micro clearfix styleclass" time="0.149" classname="Chrome 30.0 (Windows).app header directive general structure"/>
    <testcase name="should have header toggle element" time="0.074" classname="Chrome 30.0 (Windows).app header directive header toggle structure"/>
    <testcase name="should not show the header toggle if the user doesn&apos;t have the proper privileges" time="0.077" classname="Chrome 30.0 (Windows).app header directive header toggle structure"/>
    <testcase name="should not show the header toggle even if the user has the proper privilegeswhenever they have been got dynamically (this is for caching pourposes)" time="0.117" classname="Chrome 30.0 (Windows).app header directive header toggle structure"/>
    <testcase name="should show the header toggle if the user had the proper privileges before compilation" time="0.23" classname="Chrome 30.0 (Windows).app header directive header toggle structure"/>
    <testcase name="should have header area element" time="0.099" classname="Chrome 30.0 (Windows).app header directive header area structure"/>
    <testcase name="should have the micro clearfix styleclass" time="0.096" classname="Chrome 30.0 (Windows).app header directive header area structure"/>
    <testcase name="should not show the header area if the user doesn&apos;t have the proper privileges" time="0.157" classname="Chrome 30.0 (Windows).app header directive header area structure"/>
    <testcase name="should not show the header area even if the user has the proper privilegeswhenever they have been got dynamically (this is for caching pourposes)" time="0.094" classname="Chrome 30.0 (Windows).app header directive header area structure"/>
    <testcase name="should show the header toggle if the user had the proper privileges before compilation" time="0.133" classname="Chrome 30.0 (Windows).app header directive header area structure"/>
    <testcase name="should have the title element" time="0.113" classname="Chrome 30.0 (Windows).app header directive header area title"/>
    <testcase name="should take the app default title if the model doesn&apos;t specify a new one" time="0.075" classname="Chrome 30.0 (Windows).app header directive header area title"/>
    <testcase name="should take the specific title if the model specifies it" time="0.093" classname="Chrome 30.0 (Windows).app header directive header area title"/>
    <testcase name="should have the actions element" time="0.087" classname="Chrome 30.0 (Windows).app header directive actions"/>
    <testcase name="should have the edit action element" time="0.173" classname="Chrome 30.0 (Windows).app header directive actions edit"/>
    <testcase name="should not show the edit action by default" time="0.189" classname="Chrome 30.0 (Windows).app header directive actions edit"/>
    <testcase name="should show the edit action whenever the use has the proper privileges before compiling" time="0.081" classname="Chrome 30.0 (Windows).app header directive actions edit"/>
    <testcase name="should have the fullscreen action element" time="0.069" classname="Chrome 30.0 (Windows).app header directive actions fullscreen"/>
    <testcase name="should not show the fullscreen action by default" time="0.402" classname="Chrome 30.0 (Windows).app header directive actions fullscreen"/>
    <testcase name="should not show the fullscreen action whenever the use has&apos;nt the proper privileges before compiling (i.e. he&apos;s creator but not admin user" time="0.291" classname="Chrome 30.0 (Windows).app header directive actions fullscreen"/>
    <testcase name="should show the fullscreen action whenever the use has the proper privileges before compiling" time="0.14" classname="Chrome 30.0 (Windows).app header directive actions fullscreen"/>
    <testcase name="should not mark the fullscreen action as disabled if fullscreen mode is not template and the app doesn&apos; belong to the template area" time="0.072" classname="Chrome 30.0 (Windows).app header directive actions fullscreen disabled state"/>
    <testcase name="should not mark the fullscreen action as disabled if fullscreen mode is template but the app doesn&apos; belong to the template area" time="0.112" classname="Chrome 30.0 (Windows).app header directive actions fullscreen disabled state"/>
    <testcase name="should not mark the fullscreen action as disabled if fullscreen mode is not template and the app belongs to the template area" time="0.09" classname="Chrome 30.0 (Windows).app header directive actions fullscreen disabled state"/>
    <testcase name="should mark the fullscreen action as disabled if fullscreen mode is template and the app belongs to the template area" time="0.101" classname="Chrome 30.0 (Windows).app header directive actions fullscreen disabled state"/>
    <testcase name="should have the remove action element" time="0.07" classname="Chrome 30.0 (Windows).app header directive actions remove"/>
    <testcase name="should not show the remove action by default" time="0.102" classname="Chrome 30.0 (Windows).app header directive actions remove"/>
    <testcase name="should show the remove action whenever the use has the proper privileges before compiling" time="0.113" classname="Chrome 30.0 (Windows).app header directive actions remove"/>
    <testcase name="should have the &apos;bannerCanvas&apos; styleclass" time="0.128" classname="Chrome 30.0 (Windows).bannerCanvas directive main DOM structure"/>
    <testcase name="should have a grid container" time="0.138" classname="Chrome 30.0 (Windows).bannerCanvas directive main DOM structure"/>
    <testcase name="should have the readonly class whenever the user doesn&apos;t have the creator role" time="0.145" classname="Chrome 30.0 (Windows).bannerCanvas directive component editability readonly style class"/>
    <testcase name="should have the readonly class whenever the user got the creator role after the element was created (for caching purposes)" time="0.23" classname="Chrome 30.0 (Windows).bannerCanvas directive component editability readonly style class"/>
    <testcase name="should have the readonly class whenever the user has have the creator role before the element was created" time="0.109" classname="Chrome 30.0 (Windows).bannerCanvas directive component editability readonly style class"/>
    <testcase name="should not have a global actions container without popper privileges" time="0.156" classname="Chrome 30.0 (Windows).bannerCanvas directive component editability elements visibility"/>
    <testcase name="should have a global actions container with popper privileges" time="0.084" classname="Chrome 30.0 (Windows).bannerCanvas directive component editability elements visibility"/>
    <testcase name="should have a button to add images without popper privileges" time="0.08" classname="Chrome 30.0 (Windows).bannerCanvas directive component editability elements visibility"/>
    <testcase name="should have a button to add images with popper privileges" time="0.127" classname="Chrome 30.0 (Windows).bannerCanvas directive component editability elements visibility"/>
    <testcase name="should not have a button to add text without popper privileges" time="0.105" classname="Chrome 30.0 (Windows).bannerCanvas directive component editability elements visibility"/>
    <testcase name="should have a button to add text with popper privileges" time="0.195" classname="Chrome 30.0 (Windows).bannerCanvas directive component editability elements visibility"/>
    <testcase name="should have the proper amount of column rulers" time="0.172" classname="Chrome 30.0 (Windows).bannerCanvas directive rulers structure"/>
    <testcase name="should have the proper amount of row rulers" time="0.155" classname="Chrome 30.0 (Windows).bannerCanvas directive rulers structure"/>
    <testcase name="should have the proper amount of added items" time="0.107" classname="Chrome 30.0 (Windows).bannerCanvas directive initial model state"/>
    <testcase name="should wire the item Id with the Id attribute of the DOM" time="0.146" classname="Chrome 30.0 (Windows).bannerItem directive main DOM structure"/>
    <testcase name="should set the draggable main style class" time="0.131" classname="Chrome 30.0 (Windows).bannerItem directive main DOM structure"/>
    <testcase name="should set the resizable main style class" time="0.234" classname="Chrome 30.0 (Windows).bannerItem directive main DOM structure"/>
    <testcase name="should set the edit item button" time="0.235" classname="Chrome 30.0 (Windows).bannerItem directive main DOM structure"/>
    <testcase name="should set the select handler input to manage the active status" time="0.117" classname="Chrome 30.0 (Windows).bannerItem directive main DOM structure"/>
    <testcase name="should not have the readonly class by default" time="0.502" classname="Chrome 30.0 (Windows).bannerItem directive component editability readOnly style class"/>
    <testcase name="should have the readonly class whenever the readonly attr is set" time="0.05" classname="Chrome 30.0 (Windows).bannerItem directive component editability readOnly style class"/>
    <testcase name="should have the ui-draggable class by default" time="0.046" classname="Chrome 30.0 (Windows).bannerItem directive component editability draggable style class"/>
    <testcase name="should have the ui-draggable class even if the readonly attr is set after compilation (caching purposes)" time="0.045" classname="Chrome 30.0 (Windows).bannerItem directive component editability draggable style class"/>
    <testcase name="should not have the ui-draggable class if the readonly attr is set before compilation" time="0.046" classname="Chrome 30.0 (Windows).bannerItem directive component editability draggable style class"/>
    <testcase name="should have the ui-resizable class by default" time="0.042" classname="Chrome 30.0 (Windows).bannerItem directive component editability resizable style class"/>
    <testcase name="should have the ui-resizable class even if the readonly attr is set after compilation (caching purposes)" time="0.048" classname="Chrome 30.0 (Windows).bannerItem directive component editability resizable style class"/>
    <testcase name="should not have the ui-resizable class if the readonly attr is set before compilation" time="0.075" classname="Chrome 30.0 (Windows).bannerItem directive component editability resizable style class"/>
    <testcase name="should set the proper width" time="0.043" classname="Chrome 30.0 (Windows).bannerItem directive item size"/>
    <testcase name="should set the proper height" time="0.077" classname="Chrome 30.0 (Windows).bannerItem directive item size"/>
    <testcase name="should set the proper top position" time="0.042" classname="Chrome 30.0 (Windows).bannerItem directive item position"/>
    <testcase name="should set the proper left position" time="0.048" classname="Chrome 30.0 (Windows).bannerItem directive item position"/>
    <testcase name="should not mark the item as selected by default" time="0.041" classname="Chrome 30.0 (Windows).bannerItem directive item selection"/>
    <testcase name="should mark the item as selected whenever it&apos;s clicked" time="0.06" classname="Chrome 30.0 (Windows).bannerItem directive item selection"/>
    <testcase name="should unmark the item whenever it&apos;s blurred" time="0.047" classname="Chrome 30.0 (Windows).bannerItem directive item selection"/>
    <testcase name="should add the text component" time="0.041" classname="Chrome 30.0 (Windows).bannerItem directive text based item"/>
    <testcase name="should set the specified text" time="0.189" classname="Chrome 30.0 (Windows).bannerItem directive text based item"/>
    <testcase name="should add the text component" time="0.199" classname="Chrome 30.0 (Windows).bannerItem directive image based item"/>
    <testcase name="should set the specified image source" time="0.18" classname="Chrome 30.0 (Windows).bannerItem directive image based item"/>
    <testcase name="should have a wrapping class" time="0.108" classname="Chrome 30.0 (Windows).checkbox directive"/>
    <testcase name="should have an Id" time="0.062" classname="Chrome 30.0 (Windows).checkbox directive"/>
    <testcase name="should have the proper stylesheet class" time="0.1" classname="Chrome 30.0 (Windows).checkbox directive"/>
    <testcase name="should mark as checked the component whenever the model is set to true" time="0.107" classname="Chrome 30.0 (Windows).checkbox directive"/>
    <testcase name="should mark as unchecked the component whenever the model is set to false" time="0.368" classname="Chrome 30.0 (Windows).checkbox directive"/>
    <testcase name="should mark as checked the component whenever the model is set to false but it&apos;s clicked afterwards" time="1.09" classname="Chrome 30.0 (Windows).checkbox directive"/>
    <testcase name="should mark as unchecked the component whenever the model is set to true but it&apos;s clicked afterwards" time="0.545" classname="Chrome 30.0 (Windows).checkbox directive"/>
    <testcase name="should mark as unchecked the component whenever the model is set to false but it&apos;s clicked afterwards twice" time="1.23" classname="Chrome 30.0 (Windows).checkbox directive"/>
    <testcase name="should mark as checked the component whenever the model is set to true but it&apos;s clicked afterwards twice" time="1.725" classname="Chrome 30.0 (Windows).checkbox directive"/>
    <testcase name="should display the label just after the checkbox" time="1.241" classname="Chrome 30.0 (Windows).checkbox directive"/>
    <testcase name="should wire the label with the input" time="1.076" classname="Chrome 30.0 (Windows).checkbox directive"/>
    <testcase name="should use ng-show instead of ux-show to avoid problems with the ID of the scope" time="0.538" classname="Chrome 30.0 (Windows).checkbox directive"/>
    <testcase name="should nest labels avoid problems with the ID of the scope" time="0.273" classname="Chrome 30.0 (Windows).checkbox directive"/>
    <testcase name="should have the content-editable attribute" time="0.185" classname="Chrome 30.0 (Windows).caret service root element"/>
    <testcase name="should have the proper ng-model attribute" time="0.143" classname="Chrome 30.0 (Windows).caret service root element"/>
    <testcase name="should have the actions area wrapper" time="0.335" classname="Chrome 30.0 (Windows).caret service actions area"/>
    <testcase name="should have the mediaPicker area wrapper" time="0.265" classname="Chrome 30.0 (Windows).caret service actions area"/>
    <testcase name="should not show the actions area by default" time="0.378" classname="Chrome 30.0 (Windows).caret service actions area"/>
    <testcase name="should not show the actions area if the editable area is focused but the user doesn&apos;t have the proper permissions" time="0.482" classname="Chrome 30.0 (Windows).caret service actions area"/>
    <testcase name="should show the actions area if the editable area is focused and the user has the proper permissions" time="0.681" classname="Chrome 30.0 (Windows).caret service actions area"/>
    <testcase name="should not show the actions area if the editable area was focused and blurred afterwards and the user has the proper permissions" time="0.283" classname="Chrome 30.0 (Windows).caret service actions area"/>
    <testcase name="should have the editable area wrapper" time="0.326" classname="Chrome 30.0 (Windows).caret service editable area"/>
    <testcase name="should have the contenteditable element" time="0.379" classname="Chrome 30.0 (Windows).caret service editable area"/>
    <testcase name="should set the &quot;editability&quot; of the contenteditable element to false by default" time="0.228" classname="Chrome 30.0 (Windows).caret service &quot;editability&quot; of the component"/>
    <testcase name="should set the &quot;editability&quot; of the contenteditable element to true if the user is logged as admin" time="0.382" classname="Chrome 30.0 (Windows).caret service &quot;editability&quot; of the component"/>
    <testcase name="should set the &quot;editability&quot; of the contenteditable element to false if the user is logged as non creator" time="0.364" classname="Chrome 30.0 (Windows).caret service &quot;editability&quot; of the component"/>
    <testcase name="should set the &quot;editability&quot; of the contenteditable element to false if the user is logged as admin but the component is set as readonly" time="0.198" classname="Chrome 30.0 (Windows).caret service &quot;editability&quot; of the component"/>
    <testcase name="should set the &quot;editability&quot; of the contenteditable element to false if the user is logged as admin but the component is set as disabled" time="0.262" classname="Chrome 30.0 (Windows).caret service &quot;editability&quot; of the component"/>
    <testcase name="should set the proper content to the component" time="0.191" classname="Chrome 30.0 (Windows).caret service content of the component"/>
    <testcase name="should define a placeholder element" time="0.337" classname="Chrome 30.0 (Windows).caret service placeholder"/>
    <testcase name="should not show the placeholder element by default" time="0.26" classname="Chrome 30.0 (Windows).caret service placeholder"/>
    <testcase name="should not show the placeholder element if it&apos;s defined but the content is not empty" time="0.22" classname="Chrome 30.0 (Windows).caret service placeholder"/>
    <testcase name="should show the placeholder element if it&apos;s defined and the content is empty" time="0.24" classname="Chrome 30.0 (Windows).caret service placeholder"/>
    <testcase name="should set the proper value to the placeholder" time="0.145" classname="Chrome 30.0 (Windows).caret service placeholder"/>
    <testcase name="should have the &quot;type&quot; attribute set to &quot;text" time="0.009" classname="Chrome 30.0 (Windows).date directive main DOM structure"/>
    <testcase name="should have the &quot;ui-date&quot; attribute set to &quot;dateOptions" time="0.009" classname="Chrome 30.0 (Windows).date directive main DOM structure"/>
    <testcase name="should have the &quot;ui-date-format&quot; attribute set to &quot;yy-mm-dd" time="0.006" classname="Chrome 30.0 (Windows).date directive main DOM structure"/>
    <testcase name="should have the form tag" time="0.01" classname="Chrome 30.0 (Windows).fileuploader directive root element"/>
    <testcase name="should have the proper enctype attribute" time="0.035" classname="Chrome 30.0 (Windows).fileuploader directive root element"/>
    <testcase name="should set the submit method to POST" time="0.01" classname="Chrome 30.0 (Windows).fileuploader directive root element"/>
    <testcase name="should set the &apos;fileUploader&apos; style class" time="0.046" classname="Chrome 30.0 (Windows).fileuploader directive root element"/>
    <testcase name="should point to a default endpoint if it&apos;s not specified" time="0.01" classname="Chrome 30.0 (Windows).fileuploader directive root element"/>
    <testcase name="should point to a specific endpoint if it&apos;s specified" time="0.009" classname="Chrome 30.0 (Windows).fileuploader directive root element"/>
    <testcase name="should wrap a single input file" time="0.011" classname="Chrome 30.0 (Windows).fileuploader directive input file"/>
    <testcase name="should have the proper ng-model attribute" time="0.019" classname="Chrome 30.0 (Windows).fileuploader directive input file"/>
    <testcase name="should have the proper ux-change attribute" time="0.009" classname="Chrome 30.0 (Windows).fileuploader directive input file"/>
    <testcase name="should have the proper name attribute" time="0.008" classname="Chrome 30.0 (Windows).fileuploader directive input file"/>
    <testcase name="should not have the multiple files tag if it&apos;s not defined" time="0.009" classname="Chrome 30.0 (Windows).fileuploader directive input file"/>
    <testcase name="should have the multiple files tag if it&apos;s defined" time="0.011" classname="Chrome 30.0 (Windows).fileuploader directive input file"/>
    <testcase name="should have the globalMsg Id" time="0.011" classname="Chrome 30.0 (Windows).globalMsg directive"/>
    <testcase name="should not have the active class by default" time="0.01" classname="Chrome 30.0 (Windows).globalMsg directive"/>
    <testcase name="should have the active class whenever the show service is invoked" time="0.007" classname="Chrome 30.0 (Windows).globalMsg directive"/>
    <testcase name="should have the proper title" time="0.012" classname="Chrome 30.0 (Windows).globalMsg directive"/>
    <testcase name="should have the proper details" time="0.007" classname="Chrome 30.0 (Windows).globalMsg directive"/>
    <testcase name="should not show the details by default" time="0.006" classname="Chrome 30.0 (Windows).globalMsg directive"/>
    <testcase name="should show the details once the details link is clicked" time="0.007" classname="Chrome 30.0 (Windows).globalMsg directive"/>
    <testcase name="should hide the details once the details link is clicked twice" time="0.006" classname="Chrome 30.0 (Windows).globalMsg directive"/>
    <testcase name="should publish the proper i18n label" time="0.006" classname="Chrome 30.0 (Windows).i18n directive"/>
    <testcase name="should publish the original label" time="0.108" classname="Chrome 30.0 (Windows).i18nDb directive if there isn&apos;t i18n info present"/>
    <testcase name="should publish the default i18n label" time="0.149" classname="Chrome 30.0 (Windows).i18nDb directive if there&apos;s i18n info present just in the default language"/>
    <testcase name="should publish the translated i18n label after language change" time="0.073" classname="Chrome 30.0 (Windows).i18nDb directive if there&apos;s i18n info present just in the default language"/>
    <testcase name="should publish the proper i18n label after language change" time="0.107" classname="Chrome 30.0 (Windows).i18nDb directive if there&apos;s i18n info present in all languages"/>
    <testcase name="should publish the original value, already with the proper i18n format" time="0.075" classname="Chrome 30.0 (Windows).i18nDbInput directive if there isn&apos;t i18n info present"/>
    <testcase name="should publish the original value, already with the proper i18n format, once a language change happens" time="0.147" classname="Chrome 30.0 (Windows).i18nDbInput directive if there isn&apos;t i18n info present"/>
    <testcase name="should publish the original value, already with the proper i18n format" time="0.067" classname="Chrome 30.0 (Windows).i18nDbInput directive if there&apos;s i18n info present in just the default language"/>
    <testcase name="should publish the original value, already with the proper i18n format, once a language change happens" time="0.118" classname="Chrome 30.0 (Windows).i18nDbInput directive if there&apos;s i18n info present in just the default language"/>
    <testcase name="should publish the original value, already with the proper i18n format" time="1.12" classname="Chrome 30.0 (Windows).i18nDbInput directive if there&apos;s i18n info present in different languages"/>
    <testcase name="should publish the translated value, already with the proper i18n format, once a language change happens" time="0.18" classname="Chrome 30.0 (Windows).i18nDbInput directive if there&apos;s i18n info present in different languages"/>
    <testcase name="should not block the edit capabilities in languages where there&apos;s available content" time="0.071" classname="Chrome 30.0 (Windows).i18nDbInput directive if there&apos;s i18n info present in different languages"/>
    <testcase name="should add the &apos;scrollable&apos; styleclass to the root element" time="0.333" classname="Chrome 30.0 (Windows).app directive general DOM structure"/>
    <testcase name="should not show the &apos;no items&apos; block if there&apos;re available content to show" time="0.27" classname="Chrome 30.0 (Windows).app directive items size"/>
    <testcase name="should add to the DOM the proper amount of items" time="0.463" classname="Chrome 30.0 (Windows).app directive items size"/>
    <testcase name="should show the search area by default" time="0.369" classname="Chrome 30.0 (Windows).app directive search"/>
    <testcase name="should show the search area if it has been explicitly marked as visible" time="0.285" classname="Chrome 30.0 (Windows).app directive search"/>
    <testcase name="should not show the search area if it has been explicitly marked as invisible" time="0.339" classname="Chrome 30.0 (Windows).app directive search"/>
    <testcase name="should show the actions area on top by default" time="0.589" classname="Chrome 30.0 (Windows).app directive actions position top"/>
    <testcase name="should show the actions area on top if it has been explicitly defined (top)" time="0.37" classname="Chrome 30.0 (Windows).app directive actions position top"/>
    <testcase name="should show the actions area on top if it has been explicitly defined (top and bottom)" time="0.264" classname="Chrome 30.0 (Windows).app directive actions position top"/>
    <testcase name="should not show the actions area on top if it has been explicitly defined (bottom)" time="0.143" classname="Chrome 30.0 (Windows).app directive actions position top"/>
    <testcase name="should show the actions area on bottom by default" time="0.186" classname="Chrome 30.0 (Windows).app directive actions position bottom"/>
    <testcase name="should show the actions area on bottom if it has been explicitly defined (bottom)" time="0.119" classname="Chrome 30.0 (Windows).app directive actions position bottom"/>
    <testcase name="should show the actions area on bottom if it has been explicitly defined (top and bottom)" time="0.125" classname="Chrome 30.0 (Windows).app directive actions position bottom"/>
    <testcase name="should not show the actions area on top if it has been explicitly defined (top)" time="0.175" classname="Chrome 30.0 (Windows).app directive actions position bottom"/>
    <testcase name="should not show the checkbox selector by default" time="0.124" classname="Chrome 30.0 (Windows).app directive item selection"/>
    <testcase name="should not show the checkbox selector if selection mode is set to single" time="0.134" classname="Chrome 30.0 (Windows).app directive item selection"/>
    <testcase name="should not show the checkbox selector if selection mode is set to multiplebut the user doesn&apos;t have the proper privileges" time="0.193" classname="Chrome 30.0 (Windows).app directive item selection"/>
    <testcase name="should not show the checkbox selector if selection mode is set to multipleand the user has the proper privileges" time="0.204" classname="Chrome 30.0 (Windows).app directive item selection"/>
    <testcase name="should not show the item remove button by default" time="0.133" classname="Chrome 30.0 (Windows).app directive item deletion"/>
    <system-out><![CDATA[Chrome 30.0 (Windows) LOG: '<body style="">\n  <!-- The scripts need to be at the end of body, so that some test running frameworks\n       (Angular Scenario, for example) need the body to be loaded so that it can insert its magic\n       into it. If it is before body, then it fails to find the body and crashes and burns in an epic\n       manner. -->\n  <script type="text/javascript">\n    // sets window.__karma__ and overrides console and error handling\n    window.parent.testacular.setupContext(window);\n\n    // All served files with the latest timestamps\n    window.__karma__.files = {\n  \'/adapter/lib/jasmine.js\': \'1383644274000\',\n  \'/adapter/jasmine.js\': \'1383644273000\',\n  \'/base/client/lib/jQuery/jquery-2.0.2.min.js\': \'1380783289000\',\n  \'/base/client/lib/jQuery/jquery-ui-1.10.3.custom.min.js\': \'1383690230000\',\n  \'/base/client/lib/angularJs/angular-1.0.7.min.js\': \'1380783289000\',\n  \'/base/client/lib/angularJs/angular-cookies.js\': \'1380783289000\',\n  \'/base/client/lib/angularJs/angular-loader.js\': \'1380783289000\',\n  \'/base/client/lib/angularJs/angular-mocks.js\': \'1380783289000\',\n  \'/base/client/lib/angularJs/angular-resource.js\': \'1380783289000\',\n  \'/base/client/lib/angularJs/angular-sanitize.js\': \'1380783289000\',\n  \'/base/client/lib/angularJs/angular-sortable.js\': \'1380783289000\',\n  \'/base/client/lib/i18n/jquery.i18n.properties-min-1.0.9.js\': \'1380783289000\',\n  \'/base/client/lib/powerTip/jquery.powertip.min.js\': \'1380783289000\',\n  \'/base/client/lib/iCheck/jquery.icheck-0.9.1.min.js\': \'1380783289000\',\n  \'/base/client/lib/less/less-1.3.0.min.js\': \'1380783289000\',\n  \'/base/client/lib/rangy/rangy-core.js\': \'1380783289000\',\n  \'/base/client/lib/rangy/rangy-cssclassapplier.js\': \'1380783289000\',\n  \'/base/client/lib/rangy/rangy-highlighter.js\': \'1380783289000\',\n  \'/base/client/lib/rangy/rangy-selectionsaverestore.js\': \'1380783289000\',\n  \'/base/client/lib/rangy/rangy-serializer.js\': \'1380783289000\',\n  \'/base/client/lib/rangy/rangy-textrange.js\': \'1380783289000\',\n  \'/base/client/lib/mousetrap/mousetrap.min.js\': \'1380783289000\',\n  \'/base/client/lib/mousetrap/mousetrap-global-bind.min.js\': \'1380783289000\',\n  \'/base/client/lib/fullscreen/jquery.fullscreen-min.js\': \'1380783289000\',\n  \'/base/client/js/index.js\': \'1383722342000\',\n  \'/base/client/js/templates.js\': \'1383732019000\',\n  \'/base/client/js/directives/login.js\': \'1380783288000\',\n  \'/base/client/js/directives/pages.js\': \'1380902327000\',\n  \'/base/client/js/directives/admin/addAppPanel.js\': \'1382987020000\',\n  \'/base/client/js/directives/admin/adminPanel.js\': \'1380783288000\',\n  \'/base/client/js/directives/admin/createContent.js\': \'1380783288000\',\n  \'/base/client/js/directives/admin/createMedia.js\': \'1380783288000\',\n  \'/base/client/js/directives/admin/createTag.js\': \'1380783288000\',\n  \'/base/client/js/directives/admin/createUser.js\': \'1381768328000\',\n  \'/base/client/js/directives/admin/edit.js\': \'1382450988000\',\n  \'/base/client/js/directives/admin/editAppGeneral.js\': \'1381736019000\',\n  \'/base/client/js/directives/admin/editAppStyles.js\': \'1381736025000\',\n  \'/base/client/js/directives/admin/editBox.js\': \'1380817941000\',\n  \'/base/client/js/directives/admin/editContent.js\': \'1381736032000\',\n  \'/base/client/js/directives/admin/editContentList.js\': \'1380783288000\',\n  \'/base/client/js/directives/admin/editCurrentUser.js\': \'1381736038000\',\n  \'/base/client/js/directives/admin/editGeneral.js\': \'1380783288000\',\n  \'/base/client/js/directives/admin/editMedia.js\': \'1381736074000\',\n  \'/base/client/js/directives/admin/editMediaList.js\': \'1380783288000\',\n  \'/base/client/js/directives/admin/editNotifications.js\': \'1381736074000\',\n  \'/base/client/js/directives/admin/editPages.js\': \'1383153474000\',\n  \'/base/client/js/directives/admin/editStyles.js\': \'1381736074000\',\n  \'/base/client/js/directives/admin/editTag.js\': \'1381736074000\',\n  \'/base/client/js/directives/admin/editTagList.js\': \'1380783288000\',\n  \'/base/client/js/directives/admin/editUser.js\': \'1381741378000\',\n  \'/base/client/js/directives/admin/editUserList.js\': \'1380783288000\',\n  \'/base/client/js/directives/admin/stats.js\': \'1380783288000\',\n  \'/base/client/js/directives/admin/styles.js\': \'1380783288000\',\n  \'/base/client/js/directives/admin/verticalTabs.js\': \'1380783288000\',\n  \'/base/client/js/directives/app/app.js\': \'1381252181000\',\n  \'/base/client/js/directives/app/appBridge.js\': \'1382451115000\',\n  \'/base/client/js/directives/app/appHeader.js\': \'1381915741000\',\n  \'/base/client/js/directives/banner/bannerCanvas.js\': \'1382337288000\',\n  \'/base/client/js/directives/banner/bannerItem.js\': \'1382457571000\',\n  \'/base/client/js/directives/charts/lineChart.js\': \'1380783288000\',\n  \'/base/client/js/directives/charts/pieChart.js\': \'1380783288000\',\n  \'/base/client/js/directives/comments/comment.js\': \'1380783288000\',\n  \'/base/client/js/directives/comments/comments.js\': \'1380783288000\',\n  \'/base/client/js/directives/contentEditable/contentEditable.js\': \'1382336509000\',\n  \'/base/client/js/directives/contentEditable/richContent.js\': \'1382453007000\',\n  \'/base/client/js/directives/contentEditable/selectMedia.js\': \'1382457433000\',\n  \'/base/client/js/directives/contentEditable/toggleStyle.js\': \'1380783489000\',\n  \'/base/client/js/directives/feedback/globalMsg.js\': \'1380783288000\',\n  \'/base/client/js/directives/feedback/tooltip.js\': \'1381945562000\',\n  \'/base/client/js/directives/i18n/i18n.js\': \'1380783288000\',\n  \'/base/client/js/directives/i18n/i18nDb.js\': \'1380783288000\',\n  \'/base/client/js/directives/i18n/i18nDbInput.js\': \'1380783288000\',\n  \'/base/client/js/directives/input/autoComplete.js\': \'1380783288000\',\n  \'/base/client/js/directives/input/checkbox.js\': \'1380783288000\',\n  \'/base/client/js/directives/input/colorPicker.js\': \'1380783288000\',\n  \'/base/client/js/directives/input/date.js\': \'1383750675000\',\n  \'/base/client/js/directives/input/fileUploader.js\': \'1380783288000\',\n  \'/base/client/js/directives/input/password.js\': \'1380783288000\',\n  \'/base/client/js/directives/input/radio.js\': \'1380783288000\',\n  \'/base/client/js/directives/input/rating.js\': \'1380783288000\',\n  \'/base/client/js/directives/list/contentList.js\': \'1382461977000\',\n  \'/base/client/js/directives/list/createItem.js\': \'1381770231000\',\n  \'/base/client/js/directives/list/createItemButton.js\': \'1382020470000\',\n  \'/base/client/js/directives/list/list.js\': \'1382462065000\',\n  \'/base/client/js/directives/list/listActions.js\': \'1381769302000\',\n  \'/base/client/js/directives/list/listDb.js\': \'1382342427000\',\n  \'/base/client/js/directives/list/listEdit.js\': \'1380783288000\',\n  \'/base/client/js/directives/list/listExpandedView.js\': \'1380783288000\',\n  \'/base/client/js/directives/list/mediaList.js\': \'1382342427000\',\n  \'/base/client/js/directives/list/nestedItems.js\': \'1380783288000\',\n  \'/base/client/js/directives/list/nestedItemsWrapper.js\': \'1380783288000\',\n  \'/base/client/js/directives/list/nestedPagesWrapper.js\': \'1380783288000\',\n  \'/base/client/js/directives/list/tagList.js\': \'1382018823000\',\n  \'/base/client/js/directives/list/userList.js\': \'1382462080000\',\n  \'/base/client/js/directives/media/mediaPicker.js\': \'1380785942000\',\n  \'/base/client/js/directives/resizable/resizableApp.js\': \'1380783288000\',\n  \'/base/client/js/directives/sortable/sortableAddApp.js\': \'1380783288000\',\n  \'/base/client/js/directives/sortable/sortableApp.js\': \'1380783288000\',\n  \'/base/client/js/directives/utils/boxSortable.js\': \'1380783288000\',\n  \'/base/client/js/directives/utils/multipleFiles.js\': \'1380783288000\',\n  \'/base/client/js/directives/utils/uxEvents.js\': \'1380783288000\',\n  \'/base/client/js/directives/utils/uxShow.js\': \'1380783288000\',\n  \'/base/client/js/directives/utils/uxTransclude.js\': \'1381505810000\',\n  \'/base/client/js/directives/validation/emailMandatory.js\': \'1380783288000\',\n  \'/base/client/js/directives/validation/mandatory.js\': \'1380783288000\',\n  \'/base/client/js/directives/validation/passwordMandatory.js\': \'1380783288000\',\n  \'/base/client/js/services/ajaxService.js\': \'1380783288000\',\n  \'/base/client/js/services/availableAppsService.js\': \'1382986950000\',\n  \'/base/client/js/services/commentsService.js\': \'1380783288000\',\n  \'/base/client/js/services/constantsService.js\': \'1382092977000\',\n  \'/base/client/js/services/contentService.js\': \'1381254709000\',\n  \'/base/client/js/services/crudService.js\': \'1382684622000\',\n  \'/base/client/js/services/dbService.js\': \'1382462106000\',\n  \'/base/client/js/services/metaService.js\': \'1380783288000\',\n  \'/base/client/js/services/pageService.js\': \'1380822785000\',\n  \'/base/client/js/services/portalService.js\': \'1382093587000\',\n  \'/base/client/js/services/rateService.js\': \'1380783288000\',\n  \'/base/client/js/services/roleService.js\': \'1382337285000\',\n  \'/base/client/js/services/sessionService.js\': \'1382686711000\',\n  \'/base/client/js/services/statsService.js\': \'1380783288000\',\n  \'/base/client/js/services/tagService.js\': \'1380783288000\',\n  \'/base/client/js/services/undeployService.js\': \'1380783288000\',\n  \'/base/client/js/services/userService.js\': \'1383724477000\',\n  \'/base/client/js/services/app/addAppService.js\': \'1380783288000\',\n  \'/base/client/js/services/app/appService.js\': \'1381252358000\',\n  \'/base/client/js/services/app/resizableAppService.js\': \'1380783288000\',\n  \'/base/client/js/services/app/sortableAppService.js\': \'1380783288000\',\n  \'/base/client/js/services/communication/emailService.js\': \'1382684639000\',\n  \'/base/client/js/services/communication/liveMessageService.js\': \'1380783288000\',\n  \'/base/client/js/services/contentEditable/contentEditableRichContentService.js\': \'1382457259000\',\n  \'/base/client/js/services/contentEditable/contentEditableSelectMediaService.js\': \'1380783288000\',\n  \'/base/client/js/services/contentEditable/contentEditableService.js\': \'1381253824000\',\n  \'/base/client/js/services/feedback/globalMsgService.js\': \'1380783288000\',\n  \'/base/client/js/services/feedback/loadingService.js\': \'1380783288000\',\n  \'/base/client/js/services/feedback/stdService.js\': \'1380783288000\',\n  \'/base/client/js/services/feedback/tooltipService.js\': \'1381946946000\',\n  \'/base/client/js/services/i18n/i18nDbService.js\': \'1380783288000\',\n  \'/base/client/js/services/i18n/i18nService.js\': \'1383730382000\',\n  \'/base/client/js/services/layout/colService.js\': \'1380783288000\',\n  \'/base/client/js/services/layout/rowService.js\': \'1380783288000\',\n  \'/base/client/js/services/list/listDbService.js\': \'1381772230000\',\n  \'/base/client/js/services/list/listSelectService.js\': \'1382342455000\',\n  \'/base/client/js/services/list/listService.js\': \'1381774737000\',\n  \'/base/client/js/services/utils/arrayService.js\': \'1380783289000\',\n  \'/base/client/js/services/utils/canvasService.js\': \'1380783289000\',\n  \'/base/client/js/services/utils/caretService.js\': \'1380783289000\',\n  \'/base/client/js/services/utils/dateService.js\': \'1380783289000\',\n  \'/base/client/js/services/utils/domService.js\': \'1381825336000\',\n  \'/base/client/js/services/utils/editBoxUtilsService.js\': \'1380817941000\',\n  \'/base/client/js/services/utils/keyboardService.js\': \'1382110820000\',\n  \'/base/client/js/services/utils/mediaService.js\': \'1382716867000\',\n  \'/base/client/js/services/utils/objectService.js\': \'1382095935000\',\n  \'/base/client/js/services/utils/stringService.js\': \'1380783289000\',\n  \'/base/client/js/services/utils/styleService.js\': \'1380783289000\',\n  \'/base/client/js/services/utils/textSelectionService.js\': \'1380783289000\',\n  \'/base/client/js/services/utils/timerService.js\': \'1380783289000\',\n  \'/base/client/js/services/utils/validationService.js\': \'1380783289000\',\n  \'/base/client/html/input/fileUploader.html.js\': \'1382716854000\',\n  \'/base/server/tests/unit/directives/app.spec.js\': \'1382093597000\',\n  \'/base/server/tests/unit/directives/appHeader.spec.js\': \'1381916373000\',\n  \'/base/server/tests/unit/directives/bannerCanvas.spec.js\': \'1382337957000\',\n  \'/base/server/tests/unit/directives/bannerItem.spec.js\': \'1382338927000\',\n  \'/base/server/tests/unit/directives/checkbox.spec.js\': \'1380783289000\',\n  \'/base/server/tests/unit/directives/contentEditable.spec.js\': \'1382338032000\',\n  \'/base/server/tests/unit/directives/date.spec.js\': \'1383751471000\',\n  \'/base/server/tests/unit/directives/fileUploader.spec.js\': \'1382716878000\',\n  \'/base/server/tests/unit/directives/globalMsg.spec.js\': \'1380783289000\',\n  \'/base/server/tests/unit/directives/i18n.spec.js\': \'1380783290000\',\n  \'/base/server/tests/unit/directives/i18nDb.spec.js\': \'1380783290000\',\n  \'/base/server/tests/unit/directives/i18nDbInput.spec.js\': \'1380783290000\',\n  \'/base/server/tests/unit/directives/list.spec.js\': \'1382018877000\',\n  \'/base/server/tests/unit/directives/mediaPicker.spec.js\': \'1382716886000\',\n  \'/base/server/tests/unit/directives/nestedPagesWrapper.spec.js\': \'1380783290000\',\n  \'/base/server/tests/unit/directives/password.spec.js\': \'1381827433000\',\n  \'/base/server/tests/unit/directives/radio.spec.js\': \'1380783290000\',\n  \'/base/server/tests/unit/directives/tooltip.spec.js\': \'1381946988000\',\n  \'/base/server/tests/unit/services/appService.spec.js\': \'1380783290000\',\n  \'/base/server/tests/unit/services/arrayService.spec.js\': \'1380783290000\',\n  \'/base/server/tests/unit/services/availableAppsService.spec.js\': \'1380783290000\',\n  \'/base/server/tests/unit/services/caretService.spec.js\': \'1381827463000\',\n  \'/base/server/tests/unit/services/colService.spec.js\': \'1380783290000\',\n  \'/base/server/tests/unit/services/dateService.spec.js\': \'1380783290000\',\n  \'/base/server/tests/unit/services/dbService.spec.js\': \'1380783290000\',\n  \'/base/server/tests/unit/services/domService.spec.js\': \'1381826555000\',\n  \'/base/server/tests/unit/services/emailService.spec.js\': \'1380783290000\',\n  \'/base/server/tests/unit/services/i18nDbService.spec.js\': \'1380783290000\',\n  \'/base/server/tests/unit/services/i18nService.spec.js\': \'1380783290000\',\n  \'/base/server/tests/unit/services/metaService.spec.js\': \'1380783290000\',\n  \'/base/server/tests/unit/services/objectService.spec.js\': \'1380783290000\',\n  \'/base/server/tests/unit/services/portalService.spec.js\': \'1380783290000\',\n  \'/base/server/tests/unit/services/roleService.spec.js\': \'1382094162000\',\n  \'/base/server/tests/unit/services/rowService.spec.js\': \'1380783290000\',\n  \'/base/server/tests/unit/services/sessionService.spec.js\': \'1381907073000\',\n  \'/base/server/tests/unit/services/stringService.spec.js\': \'1380783290000\',\n  \'/base/server/tests/unit/services/styleService.spec.js\': \'1380783290000\',\n  \'/base/server/tests/unit/mocks.js\': \'1380783290000\',\n  \'/base/server/tests/unit/utils/availableAppsUtils.js\': \'1382684745000\',\n  \'/base/server/tests/unit/utils/compileUtils.js\': \'1380783290000\',\n  \'/base/server/tests/unit/utils/jasmine-jquery.js\': \'1380783290000\',\n  \'/base/server/tests/unit/utils/languagesUtils.js\': \'1382684745000\',\n  \'/base/server/tests/unit/utils/matchers.js\': \'1380783290000\',\n  \'/base/server/tests/unit/utils/pagesUtils.js\': \'1382684745000\',\n  \'/base/server/tests/unit/utils/portalUtils.js\': \'1382684745000\',\n  \'/base/server/tests/unit/utils/rolesUtils.js\': \'1382684745000\',\n  \'/base/server/tests/unit/utils/sessionUtils.js\': \'1382684745000\',\n  \'/base/server/tests/unit/utils/utils.js\': \'1382030517000\'\n};\n\n  </script>\n  <!-- Dynamically replaced with <script> tags -->\n  <script type="text/javascript" src="/adapter/lib/jasmine.js?1383644274000"></script>\n<script type="text/javascript" src="/adapter/jasmine.js?1383644273000"></script>\n<script type="text/javascript" src="/base/client/lib/jQuery/jquery-2.0.2.min.js?1380783289000"></script>\n<script type="text/javascript" src="/base/client/lib/jQuery/jquery-ui-1.10.3.custom.min.js?1383690230000"></script>\n<script type="text/javascript" src="/base/client/lib/angularJs/angular-1.0.7.min.js?1380783289000"></script>\n<script type="text/javascript" src="/base/client/lib/angularJs/angular-cookies.js?1380783289000"></script>\n<script type="text/javascript" src="/base/client/lib/angularJs/angular-loader.js?1380783289000"></script>\n<script type="text/javascript" src="/base/client/lib/angularJs/angular-mocks.js?1380783289000"></script>\n<script type="text/javascript" src="/base/client/lib/angularJs/angular-resource.js?1380783289000"></script>\n<script type="text/javascript" src="/base/client/lib/angularJs/angular-sanitize.js?1380783289000"></script>\n<script type="text/javascript" src="/base/client/lib/angularJs/angular-sortable.js?1380783289000"></script>\n<script type="text/javascript" src="/base/client/lib/i18n/jquery.i18n.properties-min-1.0.9.js?1380783289000"></script>\n<script type="text/javascript" src="/base/client/lib/powerTip/jquery.powertip.min.js?1380783289000"></script>\n<script type="text/javascript" src="/base/client/lib/iCheck/jquery.icheck-0.9.1.min.js?1380783289000"></script>\n<script type="text/javascript" src="/base/client/lib/less/less-1.3.0.min.js?1380783289000"></script>\n<script type="text/javascript" src="/base/client/lib/rangy/rangy-core.js?1380783289000"></script>\n<script type="text/javascript" src="/base/client/lib/rangy/rangy-cssclassapplier.js?1380783289000"></script>\n<script type="text/javascript" src="/base/client/lib/rangy/rangy-highlighter.js?1380783289000"></script>\n<script type="text/javascript" src="/base/client/lib/rangy/rangy-selectionsaverestore.js?1380783289000"></script>\n<script type="text/javascript" src="/base/client/lib/rangy/rangy-serializer.js?1380783289000"></script>\n<script type="text/javascript" src="/base/client/lib/rangy/rangy-textrange.js?1380783289000"></script>\n<script type="text/javascript" src="/base/client/lib/mousetrap/mousetrap.min.js?1380783289000"></script>\n<script type="text/javascript" src="/base/client/lib/mousetrap/mousetrap-global-bind.min.js?1380783289000"></script>\n<script type="text/javascript" src="/base/client/lib/fullscreen/jquery.fullscreen-min.js?1380783289000"></script>\n<script type="text/javascript" src="/base/client/js/index.js?1383722342000"></script>\n<script type="text/javascript" src="/base/client/js/templates.js?1383732019000"></script>\n<script type="text/javascript" src="/base/client/js/directives/login.js?1380783288000"></script>\n<script type="text/javascript" src="/base/client/js/directives/pages.js?1380902327000"></script>\n<script type="text/javascript" src="/base/client/js/directives/admin/addAppPanel.js?1382987020000"></script>\n<script type="text/javascript" src="/base/client/js/directives/admin/adminPanel.js?1380783288000"></script>\n<script type="text/javascript" src="/base/client/js/directives/admin/createContent.js?1380783288000"></script>\n<script type="text/javascript" src="/base/client/js/directives/admin/createMedia.js?1380783288000"></script>\n<script type="text/javascript" src="/base/client/js/directives/admin/createTag.js?1380783288000"></script>\n<script type="text/javascript" src="/base/client/js/directives/admin/createUser.js?1381768328000"></script>\n<script type="text/javascript" src="/base/client/js/directives/admin/edit.js?1382450988000"></script>\n<script type="text/javascript" src="/base/client/js/directives/admin/editAppGeneral.js?1381736019000"></script>\n<script type="text/javascript" src="/base/client/js/directives/admin/editAppStyles.js?1381736025000"></script>\n<script type="text/javascript" src="/base/client/js/directives/admin/editBox.js?1380817941000"></script>\n<script type="text/javascript" src="/base/client/js/directives/admin/editContent.js?1381736032000"></script>\n<script type="text/javascript" src="/base/client/js/directives/admin/editContentList.js?1380783288000"></script>\n<script type="text/javascript" src="/base/client/js/directives/admin/editCurrentUser.js?1381736038000"></script>\n<script type="text/javascript" src="/base/client/js/directives/admin/editGeneral.js?1380783288000"></script>\n<script type="text/javascript" src="/base/client/js/directives/admin/editMedia.js?1381736074000"></script>\n<script type="text/javascript" src="/base/client/js/directives/admin/editMediaList.js?1380783288000"></script>\n<script type="text/javascript" src="/base/client/js/directives/admin/editNotifications.js?1381736074000"></script>\n<script type="text/javascript" src="/base/client/js/directives/admin/editPages.js?1383153474000"></script>\n<script type="text/javascript" src="/base/client/js/directives/admin/editStyles.js?1381736074000"></script>\n<script type="text/javascript" src="/base/client/js/directives/admin/editTag.js?1381736074000"></script>\n<script type="text/javascript" src="/base/client/js/directives/admin/editTagList.js?1380783288000"></script>\n<script type="text/javascript" src="/base/client/js/directives/admin/editUser.js?1381741378000"></script>\n<script type="text/javascript" src="/base/client/js/directives/admin/editUserList.js?1380783288000"></script>\n<script type="text/javascript" src="/base/client/js/directives/admin/stats.js?1380783288000"></script>\n<script type="text/javascript" src="/base/client/js/directives/admin/styles.js?1380783288000"></script>\n<script type="text/javascript" src="/base/client/js/directives/admin/verticalTabs.js?1380783288000"></script>\n<script type="text/javascript" src="/base/client/js/directives/app/app.js?1381252181000"></script>\n<script type="text/javascript" src="/base/client/js/directives/app/appBridge.js?1382451115000"></script>\n<script type="text/javascript" src="/base/client/js/directives/app/appHeader.js?1381915741000"></script>\n<script type="text/javascript" src="/base/client/js/directives/banner/bannerCanvas.js?1382337288000"></script>\n<script type="text/javascript" src="/base/client/js/directives/banner/bannerItem.js?1382457571000"></script>\n<script type="text/javascript" src="/base/client/js/directives/charts/lineChart.js?1380783288000"></script>\n<script type="text/javascript" src="/base/client/js/directives/charts/pieChart.js?1380783288000"></script>\n<script type="text/javascript" src="/base/client/js/directives/comments/comment.js?1380783288000"></script>\n<script type="text/javascript" src="/base/client/js/directives/comments/comments.js?1380783288000"></script>\n<script type="text/javascript" src="/base/client/js/directives/contentEditable/contentEditable.js?1382336509000"></script>\n<script type="text/javascript" src="/base/client/js/directives/contentEditable/richContent.js?1382453007000"></script>\n<script type="text/javascript" src="/base/client/js/directives/contentEditable/selectMedia.js?1382457433000"></script>\n<script type="text/javascript" src="/base/client/js/directives/contentEditable/toggleStyle.js?1380783489000"></script>\n<script type="text/javascript" src="/base/client/js/directives/feedback/globalMsg.js?1380783288000"></script>\n<script type="text/javascript" src="/base/client/js/directives/feedback/tooltip.js?1381945562000"></script>\n<script type="text/javascript" src="/base/client/js/directives/i18n/i18n.js?1380783288000"></script>\n<script type="text/javascript" src="/base/client/js/directives/i18n/i18nDb.js?1380783288000"></script>\n<script type="text/javascript" src="/base/client/js/directives/i18n/i18nDbInput.js?1380783288000"></script>\n<script type="text/javascript" src="/base/client/js/directives/input/autoComplete.js?1380783288000"></script>\n<script type="text/javascript" src="/base/client/js/directives/input/checkbox.js?1380783288000"></script>\n<script type="text/javascript" src="/base/client/js/directives/input/colorPicker.js?1380783288000"></script>\n<script type="text/javascript" src="/base/client/js/directives/input/date.js?1383750675000"></script>\n<script type="text/javascript" src="/base/client/js/directives/input/fileUploader.js?1380783288000"></script>\n<script type="text/javascript" src="/base/client/js/directives/input/password.js?1380783288000"></script>\n<script type="text/javascript" src="/base/client/js/directives/input/radio.js?1380783288000"></script>\n<script type="text/javascript" src="/base/client/js/directives/input/rating.js?1380783288000"></script>\n<script type="text/javascript" src="/base/client/js/directives/list/contentList.js?1382461977000"></script>\n<script type="text/javascript" src="/base/client/js/directives/list/createItem.js?1381770231000"></script>\n<script type="text/javascript" src="/base/client/js/directives/list/createItemButton.js?1382020470000"></script>\n<script type="text/javascript" src="/base/client/js/directives/list/list.js?1382462065000"></script>\n<script type="text/javascript" src="/base/client/js/directives/list/listActions.js?1381769302000"></script>\n<script type="text/javascript" src="/base/client/js/directives/list/listDb.js?1382342427000"></script>\n<script type="text/javascript" src="/base/client/js/directives/list/listEdit.js?1380783288000"></script>\n<script type="text/javascript" src="/base/client/js/directives/list/listExpandedView.js?1380783288000"></script>\n<script type="text/javascript" src="/base/client/js/directives/list/mediaList.js?1382342427000"></script>\n<script type="text/javascript" src="/base/client/js/directives/list/nestedItems.js?1380783288000"></script>\n<script type="text/javascript" src="/base/client/js/directives/list/nestedItemsWrapper.js?1380783288000"></script>\n<script type="text/javascript" src="/base/client/js/directives/list/nestedPagesWrapper.js?1380783288000"></script>\n<script type="text/javascript" src="/base/client/js/directives/list/tagList.js?1382018823000"></script>\n<script type="text/javascript" src="/base/client/js/directives/list/userList.js?1382462080000"></script>\n<script type="text/javascript" src="/base/client/js/directives/media/mediaPicker.js?1380785942000"></script>\n<script type="text/javascript" src="/base/client/js/directives/resizable/resizableApp.js?1380783288000"></script>\n<script type="text/javascript" src="/base/client/js/directives/sortable/sortableAddApp.js?1380783288000"></script>\n<script type="text/javascript" src="/base/client/js/directives/sortable/sortableApp.js?1380783288000"></script>\n<script type="text/javascript" src="/base/client/js/directives/utils/boxSortable.js?1380783288000"></script>\n<script type="text/javascript" src="/base/client/js/directives/utils/multipleFiles.js?1380783288000"></script>\n<script type="text/javascript" src="/base/client/js/directives/utils/uxEvents.js?1380783288000"></script>\n<script type="text/javascript" src="/base/client/js/directives/utils/uxShow.js?1380783288000"></script>\n<script type="text/javascript" src="/base/client/js/directives/utils/uxTransclude.js?1381505810000"></script>\n<script type="text/javascript" src="/base/client/js/directives/validation/emailMandatory.js?1380783288000"></script>\n<script type="text/javascript" src="/base/client/js/directives/validation/mandatory.js?1380783288000"></script>\n<script type="text/javascript" src="/base/client/js/directives/validation/passwordMandatory.js?1380783288000"></script>\n<script type="text/javascript" src="/base/client/js/services/ajaxService.js?1380783288000"></script>\n<script type="text/javascript" src="/base/client/js/services/availableAppsService.js?1382986950000"></script>\n<script type="text/javascript" src="/base/client/js/services/commentsService.js?1380783288000"></script>\n<script type="text/javascript" src="/base/client/js/services/constantsService.js?1382092977000"></script>\n<script type="text/javascript" src="/base/client/js/services/contentService.js?1381254709000"></script>\n<script type="text/javascript" src="/base/client/js/services/crudService.js?1382684622000"></script>\n<script type="text/javascript" src="/base/client/js/services/dbService.js?1382462106000"></script>\n<script type="text/javascript" src="/base/client/js/services/metaService.js?1380783288000"></script>\n<script type="text/javascript" src="/base/client/js/services/pageService.js?1380822785000"></script>\n<script type="text/javascript" src="/base/client/js/services/portalService.js?1382093587000"></script>\n<script type="text/javascript" src="/base/client/js/services/rateService.js?1380783288000"></script>\n<script type="text/javascript" src="/base/client/js/services/roleService.js?1382337285000"></script>\n<script type="text/javascript" src="/base/client/js/services/sessionService.js?1382686711000"></script>\n<script type="text/javascript" src="/base/client/js/services/statsService.js?1380783288000"></script>\n<script type="text/javascript" src="/base/client/js/services/tagService.js?1380783288000"></script>\n<script type="text/javascript" src="/base/client/js/services/undeployService.js?1380783288000"></script>\n<script type="text/javascript" src="/base/client/js/services/userService.js?1383724477000"></script>\n<script type="text/javascript" src="/base/client/js/services/app/addAppService.js?1380783288000"></script>\n<script type="text/javascript" src="/base/client/js/services/app/appService.js?1381252358000"></script>\n<script type="text/javascript" src="/base/client/js/services/app/resizableAppService.js?1380783288000"></script>\n<script type="text/javascript" src="/base/client/js/services/app/sortableAppService.js?1380783288000"></script>\n<script type="text/javascript" src="/base/client/js/services/communication/emailService.js?1382684639000"></script>\n<script type="text/javascript" src="/base/client/js/services/communication/liveMessageService.js?1380783288000"></script>\n<script type="text/javascript" src="/base/client/js/services/contentEditable/contentEditableRichContentService.js?1382457259000"></script>\n<script type="text/javascript" src="/base/client/js/services/contentEditable/contentEditableSelectMediaService.js?1380783288000"></script>\n<script type="text/javascript" src="/base/client/js/services/contentEditable/contentEditableService.js?1381253824000"></script>\n<script type="text/javascript" src="/base/client/js/services/feedback/globalMsgService.js?1380783288000"></script>\n<script type="text/javascript" src="/base/client/js/services/feedback/loadingService.js?1380783288000"></script>\n<script type="text/javascript" src="/base/client/js/services/feedback/stdService.js?1380783288000"></script>\n<script type="text/javascript" src="/base/client/js/services/feedback/tooltipService.js?1381946946000"></script>\n<script type="text/javascript" src="/base/client/js/services/i18n/i18nDbService.js?1380783288000"></script>\n<script type="text/javascript" src="/base/client/js/services/i18n/i18nService.js?1383730382000"></script>\n<script type="text/javascript" src="/base/client/js/services/layout/colService.js?1380783288000"></script>\n<script type="text/javascript" src="/base/client/js/services/layout/rowService.js?1380783288000"></script>\n<script type="text/javascript" src="/base/client/js/services/list/listDbService.js?1381772230000"></script>\n<script type="text/javascript" src="/base/client/js/services/list/listSelectService.js?1382342455000"></script>\n<script type="text/javascript" src="/base/client/js/services/list/listService.js?1381774737000"></script>\n<script type="text/javascript" src="/base/client/js/services/utils/arrayService.js?1380783289000"></script>\n<script type="text/javascript" src="/base/client/js/services/utils/canvasService.js?1380783289000"></script>\n<script type="text/javascript" src="/base/client/js/services/utils/caretService.js?1380783289000"></script>\n<script type="text/javascript" src="/base/client/js/services/utils/dateService.js?1380783289000"></script>\n<script type="text/javascript" src="/base/client/js/services/utils/domService.js?1381825336000"></script>\n<script type="text/javascript" src="/base/client/js/services/utils/editBoxUtilsService.js?1380817941000"></script>\n<script type="text/javascript" src="/base/client/js/services/utils/keyboardService.js?1382110820000"></script>\n<script type="text/javascript" src="/base/client/js/services/utils/mediaService.js?1382716867000"></script>\n<script type="text/javascript" src="/base/client/js/services/utils/objectService.js?1382095935000"></script>\n<script type="text/javascript" src="/base/client/js/services/utils/stringService.js?1380783289000"></script>\n<script type="text/javascript" src="/base/client/js/services/utils/styleService.js?1380783289000"></script>\n<script type="text/javascript" src="/base/client/js/services/utils/textSelectionService.js?1380783289000"></script>\n<script type="text/javascript" src="/base/client/js/services/utils/timerService.js?1380783289000"></script>\n<script type="text/javascript" src="/base/client/js/services/utils/validationService.js?1380783289000"></script>\n<script type="text/javascript" src="/base/client/html/input/fileUploader.html.js?1382716854000"></script>\n<script type="text/javascript" src="/base/server/tests/unit/directives/app.spec.js?1382093597000"></script>\n<script type="text/javascript" src="/base/server/tests/unit/directives/appHeader.spec.js?1381916373000"></script>\n<script type="text/javascript" src="/base/server/tests/unit/directives/bannerCanvas.spec.js?1382337957000"></script>\n<script type="text/javascript" src="/base/server/tests/unit/directives/bannerItem.spec.js?1382338927000"></script>\n<script type="text/javascript" src="/base/server/tests/unit/directives/checkbox.spec.js?1380783289000"></script>\n<script type="text/javascript" src="/base/server/tests/unit/directives/contentEditable.spec.js?1382338032000"></script>\n<script type="text/javascript" src="/base/server/tests/unit/directives/date.spec.js?1383751471000"></script>\n<script type="text/javascript" src="/base/server/tests/unit/directives/fileUploader.spec.js?1382716878000"></script>\n<script type="text/javascript" src="/base/server/tests/unit/directives/globalMsg.spec.js?1380783289000"></script>\n<script type="text/javascript" src="/base/server/tests/unit/directives/i18n.spec.js?1380783290000"></script>\n<script type="text/javascript" src="/base/server/tests/unit/directives/i18nDb.spec.js?1380783290000"></script>\n<script type="text/javascript" src="/base/server/tests/unit/directives/i18nDbInput.spec.js?1380783290000"></script>\n<script type="text/javascript" src="/base/server/tests/unit/directives/list.spec.js?1382018877000"></script>\n<script type="text/javascript" src="/base/server/tests/unit/directives/mediaPicker.spec.js?1382716886000"></script>\n<script type="text/javascript" src="/base/server/tests/unit/directives/nestedPagesWrapper.spec.js?1380783290000"></script>\n<script type="text/javascript" src="/base/server/tests/unit/directives/password.spec.js?1381827433000"></script>\n<script type="text/javascript" src="/base/server/tests/unit/directives/radio.spec.js?1380783290000"></script>\n<script type="text/javascript" src="/base/server/tests/unit/directives/tooltip.spec.js?1381946988000"></script>\n<script type="text/javascript" src="/base/server/tests/unit/services/appService.spec.js?1380783290000"></script>\n<script type="text/javascript" src="/base/server/tests/unit/services/arrayService.spec.js?1380783290000"></script>\n<script type="text/javascript" src="/base/server/tests/unit/services/availableAppsService.spec.js?1380783290000"></script>\n<script type="text/javascript" src="/base/server/tests/unit/services/caretService.spec.js?1381827463000"></script>\n<script type="text/javascript" src="/base/server/tests/unit/services/colService.spec.js?1380783290000"></script>\n<script type="text/javascript" src="/base/server/tests/unit/services/dateService.spec.js?1380783290000"></script>\n<script type="text/javascript" src="/base/server/tests/unit/services/dbService.spec.js?1380783290000"></script>\n<script type="text/javascript" src="/base/server/tests/unit/services/domService.spec.js?1381826555000"></script>\n<script type="text/javascript" src="/base/server/tests/unit/services/emailService.spec.js?1380783290000"></script>\n<script type="text/javascript" src="/base/server/tests/unit/services/i18nDbService.spec.js?1380783290000"></script>\n<script type="text/javascript" src="/base/server/tests/unit/services/i18nService.spec.js?1380783290000"></script>\n<script type="text/javascript" src="/base/server/tests/unit/services/metaService.spec.js?1380783290000"></script>\n<script type="text/javascript" src="/base/server/tests/unit/services/objectService.spec.js?1380783290000"></script>\n<script type="text/javascript" src="/base/server/tests/unit/services/portalService.spec.js?1380783290000"></script>\n<script type="text/javascript" src="/base/server/tests/unit/services/roleService.spec.js?1382094162000"></script>\n<script type="text/javascript" src="/base/server/tests/unit/services/rowService.spec.js?1380783290000"></script>\n<script type="text/javascript" src="/base/server/tests/unit/services/sessionService.spec.js?1381907073000"></script>\n<script type="text/javascript" src="/base/server/tests/unit/services/stringService.spec.js?1380783290000"></script>\n<script type="text/javascript" src="/base/server/tests/unit/services/styleService.spec.js?1380783290000"></script>\n<script type="text/javascript" src="/base/server/tests/unit/mocks.js?1380783290000"></script>\n<script type="text/javascript" src="/base/server/tests/unit/utils/availableAppsUtils.js?1382684745000"></script>\n<script type="text/javascript" src="/base/server/tests/unit/utils/compileUtils.js?1380783290000"></script>\n<script type="text/javascript" src="/base/server/tests/unit/utils/jasmine-jquery.js?1380783290000"></script>\n<script type="text/javascript" src="/base/server/tests/unit/utils/languagesUtils.js?1382684745000"></script>\n<script type="text/javascript" src="/base/server/tests/unit/utils/matchers.js?1380783290000"></script>\n<script type="text/javascript" src="/base/server/tests/unit/utils/pagesUtils.js?1382684745000"></script>\n<script type="text/javascript" src="/base/server/tests/unit/utils/portalUtils.js?1382684745000"></script>\n<script type="text/javascript" src="/base/server/tests/unit/utils/rolesUtils.js?1382684745000"></script>\n<script type="text/javascript" src="/base/server/tests/unit/utils/sessionUtils.js?1382684745000"></script>\n<script type="text/javascript" src="/base/server/tests/unit/utils/utils.js?1382030517000"></script>\n  <script type="text/javascript">\n    window.__karma__.loaded();\n  </script>\n\n\n</body>'
,Chrome 30.0 (Windows) LOG: '<body style="">\n  <!-- The scripts need to be at the end of body, so that some test running frameworks\n       (Angular Scenario, for example) need the body to be loaded so that it can insert its magic\n       into it. If it is before body, then it fails to find the body and crashes and burns in an epic\n       manner. -->\n  <script type="text/javascript">\n    // sets window.__karma__ and overrides console and error handling\n    window.parent.testacular.setupContext(window);\n\n    // All served files with the latest timestamps\n    window.__karma__.files = {\n  \'/adapter/lib/jasmine.js\': \'1383644274000\',\n  \'/adapter/jasmine.js\': \'1383644273000\',\n  \'/base/client/lib/jQuery/jquery-2.0.2.min.js\': \'1380783289000\',\n  \'/base/client/lib/jQuery/jquery-ui-1.10.3.custom.min.js\': \'1383690230000\',\n  \'/base/client/lib/angularJs/angular-1.0.7.min.js\': \'1380783289000\',\n  \'/base/client/lib/angularJs/angular-cookies.js\': \'1380783289000\',\n  \'/base/client/lib/angularJs/angular-loader.js\': \'1380783289000\',\n  \'/base/client/lib/angularJs/angular-mocks.js\': \'1380783289000\',\n  \'/base/client/lib/angularJs/angular-resource.js\': \'1380783289000\',\n  \'/base/client/lib/angularJs/angular-sanitize.js\': \'1380783289000\',\n  \'/base/client/lib/angularJs/angular-sortable.js\': \'1380783289000\',\n  \'/base/client/lib/i18n/jquery.i18n.properties-min-1.0.9.js\': \'1380783289000\',\n  \'/base/client/lib/powerTip/jquery.powertip.min.js\': \'1380783289000\',\n  \'/base/client/lib/iCheck/jquery.icheck-0.9.1.min.js\': \'1380783289000\',\n  \'/base/client/lib/less/less-1.3.0.min.js\': \'1380783289000\',\n  \'/base/client/lib/rangy/rangy-core.js\': \'1380783289000\',\n  \'/base/client/lib/rangy/rangy-cssclassapplier.js\': \'1380783289000\',\n  \'/base/client/lib/rangy/rangy-highlighter.js\': \'1380783289000\',\n  \'/base/client/lib/rangy/rangy-selectionsaverestore.js\': \'1380783289000\',\n  \'/base/client/lib/rangy/rangy-serializer.js\': \'1380783289000\',\n  \'/base/client/lib/rangy/rangy-textrange.js\': \'1380783289000\',\n  \'/base/client/lib/mousetrap/mousetrap.min.js\': \'1380783289000\',\n  \'/base/client/lib/mousetrap/mousetrap-global-bind.min.js\': \'1380783289000\',\n  \'/base/client/lib/fullscreen/jquery.fullscreen-min.js\': \'1380783289000\',\n  \'/base/client/js/index.js\': \'1383722342000\',\n  \'/base/client/js/templates.js\': \'1383732019000\',\n  \'/base/client/js/directives/login.js\': \'1380783288000\',\n  \'/base/client/js/directives/pages.js\': \'1380902327000\',\n  \'/base/client/js/directives/admin/addAppPanel.js\': \'1382987020000\',\n  \'/base/client/js/directives/admin/adminPanel.js\': \'1380783288000\',\n  \'/base/client/js/directives/admin/createContent.js\': \'1380783288000\',\n  \'/base/client/js/directives/admin/createMedia.js\': \'1380783288000\',\n  \'/base/client/js/directives/admin/createTag.js\': \'1380783288000\',\n  \'/base/client/js/directives/admin/createUser.js\': \'1381768328000\',\n  \'/base/client/js/directives/admin/edit.js\': \'1382450988000\',\n  \'/base/client/js/directives/admin/editAppGeneral.js\': \'1381736019000\',\n  \'/base/client/js/directives/admin/editAppStyles.js\': \'1381736025000\',\n  \'/base/client/js/directives/admin/editBox.js\': \'1380817941000\',\n  \'/base/client/js/directives/admin/editContent.js\': \'1381736032000\',\n  \'/base/client/js/directives/admin/editContentList.js\': \'1380783288000\',\n  \'/base/client/js/directives/admin/editCurrentUser.js\': \'1381736038000\',\n  \'/base/client/js/directives/admin/editGeneral.js\': \'1380783288000\',\n  \'/base/client/js/directives/admin/editMedia.js\': \'1381736074000\',\n  \'/base/client/js/directives/admin/editMediaList.js\': \'1380783288000\',\n  \'/base/client/js/directives/admin/editNotifications.js\': \'1381736074000\',\n  \'/base/client/js/directives/admin/editPages.js\': \'1383153474000\',\n  \'/base/client/js/directives/admin/editStyles.js\': \'1381736074000\',\n  \'/base/client/js/directives/admin/editTag.js\': \'1381736074000\',\n  \'/base/client/js/directives/admin/editTagList.js\': \'1380783288000\',\n  \'/base/client/js/directives/admin/editUser.js\': \'1381741378000\',\n  \'/base/client/js/directives/admin/editUserList.js\': \'1380783288000\',\n  \'/base/client/js/directives/admin/stats.js\': \'1380783288000\',\n  \'/base/client/js/directives/admin/styles.js\': \'1380783288000\',\n  \'/base/client/js/directives/admin/verticalTabs.js\': \'1380783288000\',\n  \'/base/client/js/directives/app/app.js\': \'1381252181000\',\n  \'/base/client/js/directives/app/appBridge.js\': \'1382451115000\',\n  \'/base/client/js/directives/app/appHeader.js\': \'1381915741000\',\n  \'/base/client/js/directives/banner/bannerCanvas.js\': \'1382337288000\',\n  \'/base/client/js/directives/banner/bannerItem.js\': \'1382457571000\',\n  \'/base/client/js/directives/charts/lineChart.js\': \'1380783288000\',\n  \'/base/client/js/directives/charts/pieChart.js\': \'1380783288000\',\n  \'/base/client/js/directives/comments/comment.js\': \'1380783288000\',\n  \'/base/client/js/directives/comments/comments.js\': \'1380783288000\',\n  \'/base/client/js/directives/contentEditable/contentEditable.js\': \'1382336509000\',\n  \'/base/client/js/directives/contentEditable/richContent.js\': \'1382453007000\',\n  \'/base/client/js/directives/contentEditable/selectMedia.js\': \'1382457433000\',\n  \'/base/client/js/directives/contentEditable/toggleStyle.js\': \'1380783489000\',\n  \'/base/client/js/directives/feedback/globalMsg.js\': \'1380783288000\',\n  \'/base/client/js/directives/feedback/tooltip.js\': \'1381945562000\',\n  \'/base/client/js/directives/i18n/i18n.js\': \'1380783288000\',\n  \'/base/client/js/directives/i18n/i18nDb.js\': \'1380783288000\',\n  \'/base/client/js/directives/i18n/i18nDbInput.js\': \'1380783288000\',\n  \'/base/client/js/directives/input/autoComplete.js\': \'1380783288000\',\n  \'/base/client/js/directives/input/checkbox.js\': \'1380783288000\',\n  \'/base/client/js/directives/input/colorPicker.js\': \'1380783288000\',\n  \'/base/client/js/directives/input/date.js\': \'1383750675000\',\n  \'/base/client/js/directives/input/fileUploader.js\': \'1380783288000\',\n  \'/base/client/js/directives/input/password.js\': \'1380783288000\',\n  \'/base/client/js/directives/input/radio.js\': \'1380783288000\',\n  \'/base/client/js/directives/input/rating.js\': \'1380783288000\',\n  \'/base/client/js/directives/list/contentList.js\': \'1382461977000\',\n  \'/base/client/js/directives/list/createItem.js\': \'1381770231000\',\n  \'/base/client/js/directives/list/createItemButton.js\': \'1382020470000\',\n  \'/base/client/js/directives/list/list.js\': \'1382462065000\',\n  \'/base/client/js/directives/list/listActions.js\': \'1381769302000\',\n  \'/base/client/js/directives/list/listDb.js\': \'1382342427000\',\n  \'/base/client/js/directives/list/listEdit.js\': \'1380783288000\',\n  \'/base/client/js/directives/list/listExpandedView.js\': \'1380783288000\',\n  \'/base/client/js/directives/list/mediaList.js\': \'1382342427000\',\n  \'/base/client/js/directives/list/nestedItems.js\': \'1380783288000\',\n  \'/base/client/js/directives/list/nestedItemsWrapper.js\': \'1380783288000\',\n  \'/base/client/js/directives/list/nestedPagesWrapper.js\': \'1380783288000\',\n  \'/base/client/js/directives/list/tagList.js\': \'1382018823000\',\n  \'/base/client/js/directives/list/userList.js\': \'1382462080000\',\n  \'/base/client/js/directives/media/mediaPicker.js\': \'1380785942000\',\n  \'/base/client/js/directives/resizable/resizableApp.js\': \'1380783288000\',\n  \'/base/client/js/directives/sortable/sortableAddApp.js\': \'1380783288000\',\n  \'/base/client/js/directives/sortable/sortableApp.js\': \'1380783288000\',\n  \'/base/client/js/directives/utils/boxSortable.js\': \'1380783288000\',\n  \'/base/client/js/directives/utils/multipleFiles.js\': \'1380783288000\',\n  \'/base/client/js/directives/utils/uxEvents.js\': \'1380783288000\',\n  \'/base/client/js/directives/utils/uxShow.js\': \'1380783288000\',\n  \'/base/client/js/directives/utils/uxTransclude.js\': \'1381505810000\',\n  \'/base/client/js/directives/validation/emailMandatory.js\': \'1380783288000\',\n  \'/base/client/js/directives/validation/mandatory.js\': \'1380783288000\',\n  \'/base/client/js/directives/validation/passwordMandatory.js\': \'1380783288000\',\n  \'/base/client/js/services/ajaxService.js\': \'1380783288000\',\n  \'/base/client/js/services/availableAppsService.js\': \'1382986950000\',\n  \'/base/client/js/services/commentsService.js\': \'1380783288000\',\n  \'/base/client/js/services/constantsService.js\': \'1382092977000\',\n  \'/base/client/js/services/contentService.js\': \'1381254709000\',\n  \'/base/client/js/services/crudService.js\': \'1382684622000\',\n  \'/base/client/js/services/dbService.js\': \'1382462106000\',\n  \'/base/client/js/services/metaService.js\': \'1380783288000\',\n  \'/base/client/js/services/pageService.js\': \'1380822785000\',\n  \'/base/client/js/services/portalService.js\': \'1382093587000\',\n  \'/base/client/js/services/rateService.js\': \'1380783288000\',\n  \'/base/client/js/services/roleService.js\': \'1382337285000\',\n  \'/base/client/js/services/sessionService.js\': \'1382686711000\',\n  \'/base/client/js/services/statsService.js\': \'1380783288000\',\n  \'/base/client/js/services/tagService.js\': \'1380783288000\',\n  \'/base/client/js/services/undeployService.js\': \'1380783288000\',\n  \'/base/client/js/services/userService.js\': \'1383724477000\',\n  \'/base/client/js/services/app/addAppService.js\': \'1380783288000\',\n  \'/base/client/js/services/app/appService.js\': \'1381252358000\',\n  \'/base/client/js/services/app/resizableAppService.js\': \'1380783288000\',\n  \'/base/client/js/services/app/sortableAppService.js\': \'1380783288000\',\n  \'/base/client/js/services/communication/emailService.js\': \'1382684639000\',\n  \'/base/client/js/services/communication/liveMessageService.js\': \'1380783288000\',\n  \'/base/client/js/services/contentEditable/contentEditableRichContentService.js\': \'1382457259000\',\n  \'/base/client/js/services/contentEditable/contentEditableSelectMediaService.js\': \'1380783288000\',\n  \'/base/client/js/
[...]
ript" src="/base/client/js/directives/pages.js?1380902327000"></script>\n<script type="text/javascript" src="/base/client/js/directives/admin/addAppPanel.js?1382987020000"></script>\n<script type="text/javascript" src="/base/client/js/directives/admin/adminPanel.js?1380783288000"></script>\n<script type="text/javascript" src="/base/client/js/directives/admin/createContent.js?1380783288000"></script>\n<script type="text/javascript" src="/base/client/js/directives/admin/createMedia.js?1380783288000"></script>\n<script type="text/javascript" src="/base/client/js/directives/admin/createTag.js?1380783288000"></script>\n<script type="text/javascript" src="/base/client/js/directives/admin/createUser.js?1381768328000"></script>\n<script type="text/javascript" src="/base/client/js/directives/admin/edit.js?1382450988000"></script>\n<script type="text/javascript" src="/base/client/js/directives/admin/editAppGeneral.js?1381736019000"></script>\n<script type="text/javascript" src="/base/client/js/directives/admin/editAppStyles.js?1381736025000"></script>\n<script type="text/javascript" src="/base/client/js/directives/admin/editBox.js?1380817941000"></script>\n<script type="text/javascript" src="/base/client/js/directives/admin/editContent.js?1381736032000"></script>\n<script type="text/javascript" src="/base/client/js/directives/admin/editContentList.js?1380783288000"></script>\n<script type="text/javascript" src="/base/client/js/directives/admin/editCurrentUser.js?1381736038000"></script>\n<script type="text/javascript" src="/base/client/js/directives/admin/editGeneral.js?1380783288000"></script>\n<script type="text/javascript" src="/base/client/js/directives/admin/editMedia.js?1381736074000"></script>\n<script type="text/javascript" src="/base/client/js/directives/admin/editMediaList.js?1380783288000"></script>\n<script type="text/javascript" src="/base/client/js/directives/admin/editNotifications.js?1381736074000"></script>\n<script type="text/javascript" src="/base/client/js/directives/admin/editPages.js?1383153474000"></script>\n<script type="text/javascript" src="/base/client/js/directives/admin/editStyles.js?1381736074000"></script>\n<script type="text/javascript" src="/base/client/js/directives/admin/editTag.js?1381736074000"></script>\n<script type="text/javascript" src="/base/client/js/directives/admin/editTagList.js?1380783288000"></script>\n<script type="text/javascript" src="/base/client/js/directives/admin/editUser.js?1381741378000"></script>\n<script type="text/javascript" src="/base/client/js/directives/admin/editUserList.js?1380783288000"></script>\n<script type="text/javascript" src="/base/client/js/directives/admin/stats.js?1380783288000"></script>\n<script type="text/javascript" src="/base/client/js/directives/admin/styles.js?1380783288000"></script>\n<script type="text/javascript" src="/base/client/js/directives/admin/verticalTabs.js?1380783288000"></script>\n<script type="text/javascript" src="/base/client/js/directives/app/app.js?1381252181000"></script>\n<script type="text/javascript" src="/base/client/js/directives/app/appBridge.js?1382451115000"></script>\n<script type="text/javascript" src="/base/client/js/directives/app/appHeader.js?1381915741000"></script>\n<script type="text/javascript" src="/base/client/js/directives/banner/bannerCanvas.js?1382337288000"></script>\n<script type="text/javascript" src="/base/client/js/directives/banner/bannerItem.js?1382457571000"></script>\n<script type="text/javascript" src="/base/client/js/directives/charts/lineChart.js?1380783288000"></script>\n<script type="text/javascript" src="/base/client/js/directives/charts/pieChart.js?1380783288000"></script>\n<script type="text/javascript" src="/base/client/js/directives/comments/comment.js?1380783288000"></script>\n<script type="text/javascript" src="/base/client/js/directives/comments/comments.js?1380783288000"></script>\n<script type="text/javascript" src="/base/client/js/directives/contentEditable/contentEditable.js?1382336509000"></script>\n<script type="text/javascript" src="/base/client/js/directives/contentEditable/richContent.js?1382453007000"></script>\n<script type="text/javascript" src="/base/client/js/directives/contentEditable/selectMedia.js?1382457433000"></script>\n<script type="text/javascript" src="/base/client/js/directives/contentEditable/toggleStyle.js?1380783489000"></script>\n<script type="text/javascript" src="/base/client/js/directives/feedback/globalMsg.js?1380783288000"></script>\n<script type="text/javascript" src="/base/client/js/directives/feedback/tooltip.js?1381945562000"></script>\n<script type="text/javascript" src="/base/client/js/directives/i18n/i18n.js?1380783288000"></script>\n<script type="text/javascript" src="/base/client/js/directives/i18n/i18nDb.js?1380783288000"></script>\n<script type="text/javascript" src="/base/client/js/directives/i18n/i18nDbInput.js?1380783288000"></script>\n<script type="text/javascript" src="/base/client/js/directives/input/autoComplete.js?1380783288000"></script>\n<script type="text/javascript" src="/base/client/js/directives/input/checkbox.js?1380783288000"></script>\n<script type="text/javascript" src="/base/client/js/directives/input/colorPicker.js?1380783288000"></script>\n<script type="text/javascript" src="/base/client/js/directives/input/date.js?1383750675000"></script>\n<script type="text/javascript" src="/base/client/js/directives/input/fileUploader.js?1380783288000"></script>\n<script type="text/javascript" src="/base/client/js/directives/input/password.js?1380783288000"></script>\n<script type="text/javascript" src="/base/client/js/directives/input/radio.js?1380783288000"></script>\n<script type="text/javascript" src="/base/client/js/directives/input/rating.js?1380783288000"></script>\n<script type="text/javascript" src="/base/client/js/directives/list/contentList.js?1382461977000"></script>\n<script type="text/javascript" src="/base/client/js/directives/list/createItem.js?1381770231000"></script>\n<script type="text/javascript" src="/base/client/js/directives/list/createItemButton.js?1382020470000"></script>\n<script type="text/javascript" src="/base/client/js/directives/list/list.js?1382462065000"></script>\n<script type="text/javascript" src="/base/client/js/directives/list/listActions.js?1381769302000"></script>\n<script type="text/javascript" src="/base/client/js/directives/list/listDb.js?1382342427000"></script>\n<script type="text/javascript" src="/base/client/js/directives/list/listEdit.js?1380783288000"></script>\n<script type="text/javascript" src="/base/client/js/directives/list/listExpandedView.js?1380783288000"></script>\n<script type="text/javascript" src="/base/client/js/directives/list/mediaList.js?1382342427000"></script>\n<script type="text/javascript" src="/base/client/js/directives/list/nestedItems.js?1380783288000"></script>\n<script type="text/javascript" src="/base/client/js/directives/list/nestedItemsWrapper.js?1380783288000"></script>\n<script type="text/javascript" src="/base/client/js/directives/list/nestedPagesWrapper.js?1380783288000"></script>\n<script type="text/javascript" src="/base/client/js/directives/list/tagList.js?1382018823000"></script>\n<script type="text/javascript" src="/base/client/js/directives/list/userList.js?1382462080000"></script>\n<script type="text/javascript" src="/base/client/js/directives/media/mediaPicker.js?1380785942000"></script>\n<script type="text/javascript" src="/base/client/js/directives/resizable/resizableApp.js?1380783288000"></script>\n<script type="text/javascript" src="/base/client/js/directives/sortable/sortableAddApp.js?1380783288000"></script>\n<script type="text/javascript" src="/base/client/js/directives/sortable/sortableApp.js?1380783288000"></script>\n<script type="text/javascript" src="/base/client/js/directives/utils/boxSortable.js?1380783288000"></script>\n<script type="text/javascript" src="/base/client/js/directives/utils/multipleFiles.js?1380783288000"></script>\n<script type="text/javascript" src="/base/client/js/directives/utils/uxEvents.js?1380783288000"></script>\n<script type="text/javascript" src="/base/client/js/directives/utils/uxShow.js?1380783288000"></script>\n<script type="text/javascript" src="/base/client/js/directives/utils/uxTransclude.js?1381505810000"></script>\n<script type="text/javascript" src="/base/client/js/directives/validation/emailMandatory.js?1380783288000"></script>\n<script type="text/javascript" src="/base/client/js/directives/validation/mandatory.js?1380783288000"></script>\n<script type="text/javascript" src="/base/client/js/directives/validation/passwordMandatory.js?1380783288000"></script>\n<script type="text/javascript" src="/base/client/js/services/ajaxService.js?1380783288000"></script>\n<script type="text/javascript" src="/base/client/js/services/availableAppsService.js?1382986950000"></script>\n<script type="text/javascript" src="/base/client/js/services/commentsService.js?1380783288000"></script>\n<script type="text/javascript" src="/base/client/js/services/constantsService.js?1382092977000"></script>\n<script type="text/javascript" src="/base/client/js/services/contentService.js?1381254709000"></script>\n<script type="text/javascript" src="/base/client/js/services/crudService.js?1382684622000"></script>\n<script type="text/javascript" src="/base/client/js/services/dbService.js?1382462106000"></script>\n<script type="text/javascript" src="/base/client/js/services/metaService.js?1380783288000"></script>\n<script type="text/javascript" src="/base/client/js/services/pageService.js?1380822785000"></script>\n<script type="text/javascript" src="/base/client/js/services/portalService.js?1382093587000"></script>\n<script type="text/javascript" src="/base/client/js/services/rateService.js?1380783288000"></script>\n<script type="text/javascript" src="/base/client/js/services/roleService.js?1382337285000"></script>\n<script type="text/javascript" src="/base/client/js/services/sessionService.js?1382686711000"></script>\n<script type="text/javascript" src="/base/client/js/services/statsService.js?1380783288000"></script>\n<script type="text/javascript" src="/base/client/js/services/tagService.js?1380783288000"></script>\n<script type="text/javascript" src="/base/client/js/services/undeployService.js?1380783288000"></script>\n<script type="text/javascript" src="/base/client/js/services/userService.js?1383724477000"></script>\n<script type="text/javascript" src="/base/client/js/services/app/addAppService.js?1380783288000"></script>\n<script type="text/javascript" src="/base/client/js/services/app/appService.js?1381252358000"></script>\n<script type="text/javascript" src="/base/client/js/services/app/resizableAppService.js?1380783288000"></script>\n<script type="text/javascript" src="/base/client/js/services/app/sortableAppService.js?1380783288000"></script>\n<script type="text/javascript" src="/base/client/js/services/communication/emailService.js?1382684639000"></script>\n<script type="text/javascript" src="/base/client/js/services/communication/liveMessageService.js?1380783288000"></script>\n<script type="text/javascript" src="/base/client/js/services/contentEditable/contentEditableRichContentService.js?1382457259000"></script>\n<script type="text/javascript" src="/base/client/js/services/contentEditable/contentEditableSelectMediaService.js?1380783288000"></script>\n<script type="text/javascript" src="/base/client/js/services/contentEditable/contentEditableService.js?1381253824000"></script>\n<script type="text/javascript" src="/base/client/js/services/feedback/globalMsgService.js?1380783288000"></script>\n<script type="text/javascript" src="/base/client/js/services/feedback/loadingService.js?1380783288000"></script>\n<script type="text/javascript" src="/base/client/js/services/feedback/stdService.js?1380783288000"></script>\n<script type="text/javascript" src="/base/client/js/services/feedback/tooltipService.js?1381946946000"></script>\n<script type="text/javascript" src="/base/client/js/services/i18n/i18nDbService.js?1380783288000"></script>\n<script type="text/javascript" src="/base/client/js/services/i18n/i18nService.js?1383730382000"></script>\n<script type="text/javascript" src="/base/client/js/services/layout/colService.js?1380783288000"></script>\n<script type="text/javascript" src="/base/client/js/services/layout/rowService.js?1380783288000"></script>\n<script type="text/javascript" src="/base/client/js/services/list/listDbService.js?1381772230000"></script>\n<script type="text/javascript" src="/base/client/js/services/list/listSelectService.js?1382342455000"></script>\n<script type="text/javascript" src="/base/client/js/services/list/listService.js?1381774737000"></script>\n<script type="text/javascript" src="/base/client/js/services/utils/arrayService.js?1380783289000"></script>\n<script type="text/javascript" src="/base/client/js/services/utils/canvasService.js?1380783289000"></script>\n<script type="text/javascript" src="/base/client/js/services/utils/caretService.js?1380783289000"></script>\n<script type="text/javascript" src="/base/client/js/services/utils/dateService.js?1380783289000"></script>\n<script type="text/javascript" src="/base/client/js/services/utils/domService.js?1381825336000"></script>\n<script type="text/javascript" src="/base/client/js/services/utils/editBoxUtilsService.js?1380817941000"></script>\n<script type="text/javascript" src="/base/client/js/services/utils/keyboardService.js?1382110820000"></script>\n<script type="text/javascript" src="/base/client/js/services/utils/mediaService.js?1382716867000"></script>\n<script type="text/javascript" src="/base/client/js/services/utils/objectService.js?1382095935000"></script>\n<script type="text/javascript" src="/base/client/js/services/utils/stringService.js?1380783289000"></script>\n<script type="text/javascript" src="/base/client/js/services/utils/styleService.js?1380783289000"></script>\n<script type="text/javascript" src="/base/client/js/services/utils/textSelectionService.js?1380783289000"></script>\n<script type="text/javascript" src="/base/client/js/services/utils/timerService.js?1380783289000"></script>\n<script type="text/javascript" src="/base/client/js/services/utils/validationService.js?1380783289000"></script>\n<script type="text/javascript" src="/base/client/html/input/fileUploader.html.js?1382716854000"></script>\n<script type="text/javascript" src="/base/server/tests/unit/directives/app.spec.js?1382093597000"></script>\n<script type="text/javascript" src="/base/server/tests/unit/directives/appHeader.spec.js?1381916373000"></script>\n<script type="text/javascript" src="/base/server/tests/unit/directives/bannerCanvas.spec.js?1382337957000"></script>\n<script type="text/javascript" src="/base/server/tests/unit/directives/bannerItem.spec.js?1382338927000"></script>\n<script type="text/javascript" src="/base/server/tests/unit/directives/checkbox.spec.js?1380783289000"></script>\n<script type="text/javascript" src="/base/server/tests/unit/directives/contentEditable.spec.js?1382338032000"></script>\n<script type="text/javascript" src="/base/server/tests/unit/directives/date.spec.js?1383752096000"></script>\n<script type="text/javascript" src="/base/server/tests/unit/directives/fileUploader.spec.js?1382716878000"></script>\n<script type="text/javascript" src="/base/server/tests/unit/directives/globalMsg.spec.js?1380783289000"></script>\n<script type="text/javascript" src="/base/server/tests/unit/directives/i18n.spec.js?1380783290000"></script>\n<script type="text/javascript" src="/base/server/tests/unit/directives/i18nDb.spec.js?1380783290000"></script>\n<script type="text/javascript" src="/base/server/tests/unit/directives/i18nDbInput.spec.js?1380783290000"></script>\n<script type="text/javascript" src="/base/server/tests/unit/directives/list.spec.js?1382018877000"></script>\n<script type="text/javascript" src="/base/server/tests/unit/directives/mediaPicker.spec.js?1382716886000"></script>\n<script type="text/javascript" src="/base/server/tests/unit/directives/nestedPagesWrapper.spec.js?1380783290000"></script>\n<script type="text/javascript" src="/base/server/tests/unit/directives/password.spec.js?1381827433000"></script>\n<script type="text/javascript" src="/base/server/tests/unit/directives/radio.spec.js?1380783290000"></script>\n<script type="text/javascript" src="/base/server/tests/unit/directives/tooltip.spec.js?1381946988000"></script>\n<script type="text/javascript" src="/base/server/tests/unit/services/appService.spec.js?1380783290000"></script>\n<script type="text/javascript" src="/base/server/tests/unit/services/arrayService.spec.js?1380783290000"></script>\n<script type="text/javascript" src="/base/server/tests/unit/services/availableAppsService.spec.js?1380783290000"></script>\n<script type="text/javascript" src="/base/server/tests/unit/services/caretService.spec.js?1381827463000"></script>\n<script type="text/javascript" src="/base/server/tests/unit/services/colService.spec.js?1380783290000"></script>\n<script type="text/javascript" src="/base/server/tests/unit/services/dateService.spec.js?1380783290000"></script>\n<script type="text/javascript" src="/base/server/tests/unit/services/dbService.spec.js?1380783290000"></script>\n<script type="text/javascript" src="/base/server/tests/unit/services/domService.spec.js?1381826555000"></script>\n<script type="text/javascript" src="/base/server/tests/unit/services/emailService.spec.js?1380783290000"></script>\n<script type="text/javascript" src="/base/server/tests/unit/services/i18nDbService.spec.js?1380783290000"></script>\n<script type="text/javascript" src="/base/server/tests/unit/services/i18nService.spec.js?1380783290000"></script>\n<script type="text/javascript" src="/base/server/tests/unit/services/metaService.spec.js?1380783290000"></script>\n<script type="text/javascript" src="/base/server/tests/unit/services/objectService.spec.js?1380783290000"></script>\n<script type="text/javascript" src="/base/server/tests/unit/services/portalService.spec.js?1380783290000"></script>\n<script type="text/javascript" src="/base/server/tests/unit/services/roleService.spec.js?1382094162000"></script>\n<script type="text/javascript" src="/base/server/tests/unit/services/rowService.spec.js?1380783290000"></script>\n<script type="text/javascript" src="/base/server/tests/unit/services/sessionService.spec.js?1381907073000"></script>\n<script type="text/javascript" src="/base/server/tests/unit/services/stringService.spec.js?1380783290000"></script>\n<script type="text/javascript" src="/base/server/tests/unit/services/styleService.spec.js?1380783290000"></script>\n<script type="text/javascript" src="/base/server/tests/unit/mocks.js?1380783290000"></script>\n<script type="text/javascript" src="/base/server/tests/unit/utils/availableAppsUtils.js?1382684745000"></script>\n<script type="text/javascript" src="/base/server/tests/unit/utils/compileUtils.js?1380783290000"></script>\n<script type="text/javascript" src="/base/server/tests/unit/utils/jasmine-jquery.js?1380783290000"></script>\n<script type="text/javascript" src="/base/server/tests/unit/utils/languagesUtils.js?1382684745000"></script>\n<script type="text/javascript" src="/base/server/tests/unit/utils/matchers.js?1380783290000"></script>\n<script type="text/javascript" src="/base/server/tests/unit/utils/pagesUtils.js?1382684745000"></script>\n<script type="text/javascript" src="/base/server/tests/unit/utils/portalUtils.js?1382684745000"></script>\n<script type="text/javascript" src="/base/server/tests/unit/utils/rolesUtils.js?1382684745000"></script>\n<script type="text/javascript" src="/base/server/tests/unit/utils/sessionUtils.js?1382684745000"></script>\n<script type="text/javascript" src="/base/server/tests/unit/utils/utils.js?1382030517000"></script>\n  <script type="text/javascript">\n    window.__karma__.loaded();\n  </script>\n\n\n</body>'
,Chrome 30.0 (Windows) LOG: '2011-02-30'

]]></system-out>
    <system-err/>
  </testsuite>
</testsuites>
